#
# A fatal error has been detected by the Java Runtime Environment:
#
#  EXCEPTION_ACCESS_VIOLATION (0xc0000005) at pc=0x000007fee7506f5e, pid=8112, tid=6188
#
# JRE version: Java(TM) SE Runtime Environment (8.0_20-b26) (build 1.8.0_20-b26)
# Java VM: Java HotSpot(TM) 64-Bit Server VM (25.20-b23 mixed mode windows-amd64 compressed oops)
# Problematic frame:
# C  0x000007fee7506f5e
#
# Failed to write core dump. Minidumps are not enabled by default on client versions of Windows
#
# If you would like to submit a bug report, please visit:
#   http://bugreport.sun.com/bugreport/crash.jsp
# The crash happened outside the Java Virtual Machine in native code.
# See problematic frame for where to report the bug.
#

---------------  T H R E A D  ---------------

Current thread (0x000000005b6a3800):  JavaThread "AWT-EventQueue-0" [_thread_in_native, id=6188, stack(0x000000005de70000,0x000000005df70000)]

siginfo: ExceptionCode=0xc0000005, reading address 0x000000005b4f1330

Registers:
RAX=0x0000000000010001, RBX=0x000000005b4f1308, RCX=0x0000000077065c1a, RDX=0x0000000000000000
RSP=0x000000005df6c430, RBP=0x0000000000010001, RSI=0x0000000000000000, RDI=0x000000005b4f1300
R8 =0x000000005df6c3e8, R9 =0x0000000000010001, R10=0x0000000000000000, R11=0x0000000000000246
R12=0x0000000000000000, R13=0x000000005dd9a298, R14=0x000000005df6c580, R15=0x000000005b6a3800
RIP=0x000007fee7506f5e, EFLAGS=0x0000000000010206

Top of Stack: (sp=0x000000005df6c430)
0x000000005df6c430:   000000005b4f1308 0000000000000000
0x000000005df6c440:   fffffffffffffffe 000000005b6a3800
0x000000005df6c450:   0000000000000001 000000005aece0b0
0x000000005df6c460:   0000000000000000 000000005a660b20
0x000000005df6c470:   000000005df6c580 000000005df6c490
0x000000005df6c480:   0000000000000000 000000005aed2894
0x000000005df6c490:   000000005bce24a0 0000000000000000
0x000000005df6c4a0:   00000000000000c0 00000000d5d06b08
0x000000005df6c4b0:   00000000000004c5 00000000028ddcec
0x000000005df6c4c0:   000000005dd9a298 000000005df6c548
0x000000005df6c4d0:   0000000021000021 000000005ad79b50
0x000000005df6c4e0:   00000000000000aa 000000005df6c500
0x000000005df6c4f0:   000000005df6c560 00000000028c7aa1
0x000000005df6c500:   00000000d5d069d8 000000005df6c508
0x000000005df6c510:   0000000000000000 000000005df6c580
0x000000005df6c520:   000000005dd9c2f0 0000000000000000 

Instructions: (pc=0x000007fee7506f5e)
0x000007fee7506f3e:   
[error occurred during error reporting (printing registers, top of stack, instructions near pc), id 0xc0000005]

Register to memory mapping:

RAX=0x0000000000010001 is an unknown value
RBX=0x000000005b4f1308 is an unknown value
RCX=0x0000000077065c1a is an unknown value
RDX=0x0000000000000000 is an unknown value
RSP=0x000000005df6c430 is pointing into the stack for thread: 0x000000005b6a3800
RBP=0x0000000000010001 is an unknown value
RSI=0x0000000000000000 is an unknown value
RDI=0x000000005b4f1300 is an unknown value
R8 =0x000000005df6c3e8 is pointing into the stack for thread: 0x000000005b6a3800
R9 =0x0000000000010001 is an unknown value
R10=0x0000000000000000 is an unknown value
R11=0x0000000000000246 is an unknown value
R12=0x0000000000000000 is an unknown value
R13={method} {0x000000005dd9a2a0} 'initOps' '(III)V' in 'sun/java2d/d3d/D3DSurfaceData'
R14=0x000000005df6c580 is pointing into the stack for thread: 0x000000005b6a3800
R15=0x000000005b6a3800 is a thread


Stack: [0x000000005de70000,0x000000005df70000],  sp=0x000000005df6c430,  free space=1009k
Native frames: (J=compiled Java code, j=interpreted, Vv=VM code, C=native code)
C  0x000007fee7506f5e

Java frames: (J=compiled Java code, j=interpreted, Vv=VM code)
j  sun.java2d.d3d.D3DSurfaceData.initOps(III)V+0
j  sun.java2d.d3d.D3DSurfaceData.<init>(Lsun/awt/windows/WComponentPeer;Lsun/java2d/d3d/D3DGraphicsConfig;IILjava/awt/Image;Ljava/awt/image/ColorModel;IILsun/java2d/pipe/hw/ExtendedBufferCapabilities$VSyncType;I)V+76
j  sun.java2d.d3d.D3DSurfaceData.createData(Lsun/java2d/d3d/D3DGraphicsConfig;IILjava/awt/image/ColorModel;Ljava/awt/Image;I)Lsun/java2d/d3d/D3DSurfaceData;+70
j  sun.java2d.d3d.D3DVolatileSurfaceManager.initAcceleratedSurface()Lsun/java2d/SurfaceData;+133
j  sun.awt.image.VolatileSurfaceManager.initialize()V+9
j  sun.awt.image.SunVolatileImage.<init>(Ljava/awt/Component;Ljava/awt/GraphicsConfiguration;IILjava/lang/Object;ILjava/awt/ImageCapabilities;I)V+107
j  sun.awt.image.SunVolatileImage.<init>(Ljava/awt/GraphicsConfiguration;IIILjava/awt/ImageCapabilities;)V+11
j  java.awt.GraphicsConfiguration.createCompatibleVolatileImage(IILjava/awt/ImageCapabilities;I)Ljava/awt/image/VolatileImage;+10
j  java.awt.GraphicsConfiguration.createCompatibleVolatileImage(III)Ljava/awt/image/VolatileImage;+8
j  javax.swing.RepaintManager.getVolatileOffscreenBuffer(Ljava/awt/Component;II)Ljava/awt/Image;+221
j  javax.swing.RepaintManager$PaintManager.paint(Ljavax/swing/JComponent;Ljavax/swing/JComponent;Ljava/awt/Graphics;IIII)Z+23
j  javax.swing.RepaintManager.paint(Ljavax/swing/JComponent;Ljavax/swing/JComponent;Ljava/awt/Graphics;IIII)V+51
j  javax.swing.JComponent.paint(Ljava/awt/Graphics;)V+221
j  java.awt.GraphicsCallback$PaintCallback.run(Ljava/awt/Component;Ljava/awt/Graphics;)V+2
j  sun.awt.SunGraphicsCallback.runOneComponent(Ljava/awt/Component;Ljava/awt/Rectangle;Ljava/awt/Graphics;Ljava/awt/Shape;I)V+155
j  sun.awt.SunGraphicsCallback.runComponents([Ljava/awt/Component;Ljava/awt/Graphics;I)V+194
j  java.awt.Container.paint(Ljava/awt/Graphics;)V+58
j  java.awt.Window.paint(Ljava/awt/Graphics;)V+68
j  javax.swing.RepaintManager$4.run()Ljava/lang/Void;+142
j  javax.swing.RepaintManager$4.run()Ljava/lang/Object;+1
v  ~StubRoutines::call_stub
j  java.security.AccessController.doPrivileged(Ljava/security/PrivilegedAction;Ljava/security/AccessControlContext;)Ljava/lang/Object;+0
j  java.security.ProtectionDomain$1.doIntersectionPrivilege(Ljava/security/PrivilegedAction;Ljava/security/AccessControlContext;Ljava/security/AccessControlContext;)Ljava/lang/Object;+28
j  javax.swing.RepaintManager.paintDirtyRegions(Ljava/util/Map;)V+154
j  javax.swing.RepaintManager.paintDirtyRegions()V+46
j  javax.swing.RepaintManager.prePaintDirtyRegions()V+73
j  javax.swing.RepaintManager.access$1300(Ljavax/swing/RepaintManager;)V+1
j  javax.swing.RepaintManager$ProcessingRunnable.run()V+37
j  java.awt.event.InvocationEvent.dispatch()V+47
j  java.awt.EventQueue.dispatchEventImpl(Ljava/awt/AWTEvent;Ljava/lang/Object;)V+21
j  java.awt.EventQueue.access$400(Ljava/awt/EventQueue;Ljava/awt/AWTEvent;Ljava/lang/Object;)V+3
j  java.awt.EventQueue$3.run()Ljava/lang/Void;+32
j  java.awt.EventQueue$3.run()Ljava/lang/Object;+1
v  ~StubRoutines::call_stub
j  java.security.AccessController.doPrivileged(Ljava/security/PrivilegedAction;Ljava/security/AccessControlContext;)Ljava/lang/Object;+0
j  java.security.ProtectionDomain$1.doIntersectionPrivilege(Ljava/security/PrivilegedAction;Ljava/security/AccessControlContext;Ljava/security/AccessControlContext;)Ljava/lang/Object;+28
j  java.awt.EventQueue.dispatchEvent(Ljava/awt/AWTEvent;)V+46
j  java.awt.EventDispatchThread.pumpOneEventForFilters(I)V+245
j  java.awt.EventDispatchThread.pumpEventsForFilter(ILjava/awt/Conditional;Ljava/awt/EventFilter;)V+35
j  java.awt.EventDispatchThread.pumpEventsForHierarchy(ILjava/awt/Conditional;Ljava/awt/Component;)V+11
j  java.awt.EventDispatchThread.pumpEvents(ILjava/awt/Conditional;)V+4
j  java.awt.EventDispatchThread.pumpEvents(Ljava/awt/Conditional;)V+3
j  java.awt.EventDispatchThread.run()V+9
v  ~StubRoutines::call_stub

---------------  P R O C E S S  ---------------

Java Threads: ( => current thread )
=>0x000000005b6a3800 JavaThread "AWT-EventQueue-0" [_thread_in_native, id=6188, stack(0x000000005de70000,0x000000005df70000)]
  0x000000005bb3e800 JavaThread "AWT-Shutdown" [_thread_blocked, id=6416, stack(0x000000005b2c0000,0x000000005b3c0000)]
  0x000000005bb3d800 JavaThread "Java2D Disposer" daemon [_thread_blocked, id=6360, stack(0x000000005b110000,0x000000005b210000)]
  0x0000000058acf000 JavaThread "Service Thread" daemon [_thread_blocked, id=6784, stack(0x000000005a010000,0x000000005a110000)]
  0x0000000058a58000 JavaThread "C1 CompilerThread2" daemon [_thread_blocked, id=7564, stack(0x0000000059ec0000,0x0000000059fc0000)]
  0x0000000058a56800 JavaThread "C2 CompilerThread1" daemon [_thread_blocked, id=5528, stack(0x0000000059d90000,0x0000000059e90000)]
  0x0000000058a52800 JavaThread "C2 CompilerThread0" daemon [_thread_blocked, id=8040, stack(0x0000000059b60000,0x0000000059c60000)]
  0x0000000058a4f000 JavaThread "JDWP Command Reader" daemon [_thread_in_native, id=7660, stack(0x00000000596a0000,0x00000000597a0000)]
  0x000000005741f800 JavaThread "JDWP Event Helper Thread" daemon [_thread_blocked, id=4676, stack(0x00000000594a0000,0x00000000595a0000)]
  0x0000000057416000 JavaThread "JDWP Transport Listener: dt_socket" daemon [_thread_blocked, id=5060, stack(0x0000000059950000,0x0000000059a50000)]
  0x0000000058a36800 JavaThread "Attach Listener" daemon [_thread_blocked, id=2216, stack(0x0000000058e70000,0x0000000058f70000)]
  0x0000000057413800 JavaThread "Signal Dispatcher" daemon [_thread_blocked, id=6796, stack(0x0000000058f90000,0x0000000059090000)]
  0x00000000573b4800 JavaThread "Finalizer" daemon [_thread_blocked, id=2040, stack(0x00000000587a0000,0x00000000588a0000)]
  0x00000000573ad800 JavaThread "Reference Handler" daemon [_thread_blocked, id=260, stack(0x0000000058930000,0x0000000058a30000)]
  0x0000000002148000 JavaThread "main" [_thread_blocked, id=7644, stack(0x00000000024f0000,0x00000000025f0000)]

Other Threads:
  0x00000000573a7800 VMThread [stack: 0x0000000058690000,0x0000000058790000] [id=2524]
  0x0000000058ae3800 WatcherThread [stack: 0x000000005a120000,0x000000005a220000] [id=332]

VM state:not at safepoint (normal execution)

VM Mutex/Monitor currently owned by a thread: None

Heap:
 PSYoungGen      total 38400K, used 8370K [0x00000000d5d00000, 0x00000000da800000, 0x0000000100000000)
  eden space 33280K, 9% used [0x00000000d5d00000,0x00000000d60348a0,0x00000000d7d80000)
  from space 5120K, 99% used [0x00000000d7d80000,0x00000000d8278020,0x00000000d8280000)
  to   space 5120K, 0% used [0x00000000da300000,0x00000000da300000,0x00000000da800000)
 ParOldGen       total 87552K, used 2260K [0x0000000081600000, 0x0000000086b80000, 0x00000000d5d00000)
  object space 87552K, 2% used [0x0000000081600000,0x0000000081835378,0x0000000086b80000)
 Metaspace       used 14648K, capacity 14904K, committed 15104K, reserved 1062912K
  class space    used 1671K, capacity 1724K, committed 1792K, reserved 1048576K

Card table byte_map: [0x0000000011c80000,0x0000000012080000] byte_map_base: 0x0000000011875000

Marking Bits: (ParMarkBitMap*) 0x0000000077f7b460
 Begin Bits: [0x00000000126d0000, 0x0000000014678000)
 End Bits:   [0x0000000014678000, 0x0000000016620000)

Polling page: 0x0000000000120000

CodeCache: size=245760Kb used=5110Kb max_used=5118Kb free=240649Kb
 bounds [0x00000000028c0000, 0x0000000002dd0000, 0x00000000118c0000]
 total_blobs=1808 nmethods=1095 adapters=635
 compilation: enabled

Compilation events (10 events):
Event: 0.687 Thread 0x0000000058a58000 nmethod 1091 0x0000000002db9710 code [0x0000000002db9880, 0x0000000002db9c70]
Event: 0.696 Thread 0x0000000058a52800 nmethod 1075 0x0000000002dbe990 code [0x0000000002dbeba0, 0x0000000002dc02a0]
Event: 0.697 Thread 0x0000000058a58000 1092       3       java.util.logging.LogManager$LoggerContext::ensureDefaultLogger (70 bytes)
Event: 0.698 Thread 0x0000000058a58000 nmethod 1092 0x0000000002dbd8d0 code [0x0000000002dbda80, 0x0000000002dbe308]
Event: 0.698 Thread 0x0000000058a58000 1093  s    3       java.util.Hashtable::containsKey (65 bytes)
Event: 0.698 Thread 0x0000000058a58000 nmethod 1093 0x0000000002dbce90 code [0x0000000002dbd020, 0x0000000002dbd638]
Event: 0.698 Thread 0x0000000058a58000 1094       3       jdk.internal.org.objectweb.asm.ByteVector::<init> (13 bytes)
Event: 0.698 Thread 0x0000000058a58000 nmethod 1094 0x0000000002dbca10 code [0x0000000002dbcb80, 0x0000000002dbcdd0]
Event: 0.698 Thread 0x0000000058a58000 1095       3       jdk.internal.org.objectweb.asm.ByteVector::putByteArray (49 bytes)
Event: 0.698 Thread 0x0000000058a58000 nmethod 1095 0x0000000002dbc490 code [0x0000000002dbc600, 0x0000000002dbc918]

GC Heap History (2 events):
Event: 0.644 GC heap before
{Heap before GC invocations=1 (full 0):
 PSYoungGen      total 38400K, used 33280K [0x00000000d5d00000, 0x00000000d8780000, 0x0000000100000000)
  eden space 33280K, 100% used [0x00000000d5d00000,0x00000000d7d80000,0x00000000d7d80000)
  from space 5120K, 0% used [0x00000000d8280000,0x00000000d8280000,0x00000000d8780000)
  to   space 5120K, 0% used [0x00000000d7d80000,0x00000000d7d80000,0x00000000d8280000)
 ParOldGen       total 87552K, used 0K [0x0000000081600000, 0x0000000086b80000, 0x00000000d5d00000)
  object space 87552K, 0% used [0x0000000081600000,0x0000000081600000,0x0000000086b80000)
 Metaspace       used 13322K, capacity 13574K, committed 13952K, reserved 1060864K
  class space    used 1499K, capacity 1561K, committed 1664K, reserved 1048576K
Event: 0.656 GC heap after
Heap after GC invocations=1 (full 0):
 PSYoungGen      total 38400K, used 5088K [0x00000000d5d00000, 0x00000000da800000, 0x0000000100000000)
  eden space 33280K, 0% used [0x00000000d5d00000,0x00000000d5d00000,0x00000000d7d80000)
  from space 5120K, 99% used [0x00000000d7d80000,0x00000000d8278020,0x00000000d8280000)
  to   space 5120K, 0% used [0x00000000da300000,0x00000000da300000,0x00000000da800000)
 ParOldGen       total 87552K, used 2260K [0x0000000081600000, 0x0000000086b80000, 0x00000000d5d00000)
  object space 87552K, 2% used [0x0000000081600000,0x0000000081835378,0x0000000086b80000)
 Metaspace       used 13322K, capacity 13574K, committed 13952K, reserved 1060864K
  class space    used 1499K, capacity 1561K, committed 1664K, reserved 1048576K
}

Deoptimization events (10 events):
Event: 0.629 Thread 0x0000000002148000 Uncommon trap: reason=range_check action=none pc=0x0000000002d30e0c method=sun.reflect.generics.parser.SignatureParser.current()C @ 34
Event: 0.629 Thread 0x0000000002148000 Uncommon trap: reason=range_check action=none pc=0x0000000002d30e0c method=sun.reflect.generics.parser.SignatureParser.current()C @ 34
Event: 0.629 Thread 0x0000000002148000 Uncommon trap: reason=range_check action=none pc=0x0000000002d30e0c method=sun.reflect.generics.parser.SignatureParser.current()C @ 34
Event: 0.629 Thread 0x0000000002148000 Uncommon trap: reason=range_check action=none pc=0x0000000002d30e0c method=sun.reflect.generics.parser.SignatureParser.current()C @ 34
Event: 0.629 Thread 0x0000000002148000 Uncommon trap: reason=range_check action=none pc=0x0000000002d30e0c method=sun.reflect.generics.parser.SignatureParser.current()C @ 34
Event: 0.629 Thread 0x0000000002148000 Uncommon trap: reason=range_check action=none pc=0x0000000002d30e0c method=sun.reflect.generics.parser.SignatureParser.current()C @ 34
Event: 0.630 Thread 0x0000000002148000 Uncommon trap: reason=range_check action=none pc=0x0000000002d30e0c method=sun.reflect.generics.parser.SignatureParser.current()C @ 34
Event: 0.641 Thread 0x000000005bc96800 Uncommon trap: reason=bimorphic action=maybe_recompile pc=0x0000000002c18058 method=java.util.HashMap.putVal(ILjava/lang/Object;Ljava/lang/Object;ZZ)Ljava/lang/Object; @ 203
Event: 0.641 Thread 0x000000005bc96800 Uncommon trap: reason=bimorphic action=maybe_recompile pc=0x0000000002c18058 method=java.util.HashMap.putVal(ILjava/lang/Object;Ljava/lang/Object;ZZ)Ljava/lang/Object; @ 203
Event: 0.641 Thread 0x000000005bc96800 Uncommon trap: reason=bimorphic action=maybe_recompile pc=0x0000000002c18058 method=java.util.HashMap.putVal(ILjava/lang/Object;Ljava/lang/Object;ZZ)Ljava/lang/Object; @ 203

Internal exceptions (10 events):
Event: 0.635 Thread 0x0000000002148000 Exception <a 'java/security/PrivilegedActionException'> (0x00000000d7d1a8e0) thrown at [D:\re\workspace\8-2-build-windows-amd64-cygwin\jdk8u20\1074\hotspot\src\share\vm\prims\jvm.cpp, line 1275]
Event: 0.636 Thread 0x0000000002148000 Exception <a 'java/security/PrivilegedActionException'> (0x00000000d7d1f188) thrown at [D:\re\workspace\8-2-build-windows-amd64-cygwin\jdk8u20\1074\hotspot\src\share\vm\prims\jvm.cpp, line 1275]
Event: 0.636 Thread 0x0000000002148000 Exception <a 'java/security/PrivilegedActionException'> (0x00000000d7d29c78) thrown at [D:\re\workspace\8-2-build-windows-amd64-cygwin\jdk8u20\1074\hotspot\src\share\vm\prims\jvm.cpp, line 1275]
Event: 0.637 Thread 0x0000000002148000 Exception <a 'java/security/PrivilegedActionException'> (0x00000000d7d2d250) thrown at [D:\re\workspace\8-2-build-windows-amd64-cygwin\jdk8u20\1074\hotspot\src\share\vm\prims\jvm.cpp, line 1275]
Event: 0.637 Thread 0x0000000002148000 Exception <a 'java/security/PrivilegedActionException'> (0x00000000d7d30350) thrown at [D:\re\workspace\8-2-build-windows-amd64-cygwin\jdk8u20\1074\hotspot\src\share\vm\prims\jvm.cpp, line 1275]
Event: 0.637 Thread 0x0000000002148000 Exception <a 'java/security/PrivilegedActionException'> (0x00000000d7d33300) thrown at [D:\re\workspace\8-2-build-windows-amd64-cygwin\jdk8u20\1074\hotspot\src\share\vm\prims\jvm.cpp, line 1275]
Event: 0.638 Thread 0x0000000002148000 Exception <a 'java/security/PrivilegedActionException'> (0x00000000d7d36ff0) thrown at [D:\re\workspace\8-2-build-windows-amd64-cygwin\jdk8u20\1074\hotspot\src\share\vm\prims\jvm.cpp, line 1275]
Event: 0.695 Thread 0x0000000002148000 Exception <a 'java/security/PrivilegedActionException'> (0x00000000d5f071f8) thrown at [D:\re\workspace\8-2-build-windows-amd64-cygwin\jdk8u20\1074\hotspot\src\share\vm\prims\jvm.cpp, line 1275]
Event: 0.696 Thread 0x0000000002148000 Exception <a 'java/security/PrivilegedActionException'> (0x00000000d5f0ca80) thrown at [D:\re\workspace\8-2-build-windows-amd64-cygwin\jdk8u20\1074\hotspot\src\share\vm\prims\jvm.cpp, line 1275]
Event: 0.696 Thread 0x0000000058b91800 Exception <a 'java/net/SocketException': Socket closed> (0x00000000d5f8e210) thrown at [D:\re\workspace\8-2-build-windows-amd64-cygwin\jdk8u20\1074\hotspot\src\share\vm\prims\jni.cpp, line 742]

Events (10 events):
Event: 0.698 loading class java/awt/GraphicsCallback$PaintCallback done
Event: 0.699 loading class sun/awt/image/BufferedImageGraphicsConfig
Event: 0.700 loading class sun/awt/image/BufferedImageGraphicsConfig done
Event: 0.700 loading class sun/print/PrinterGraphicsConfig
Event: 0.700 Thread 0x0000000058b91800 Thread exited: 0x0000000058b91800
Event: 0.700 Thread 0x000000005aa13000 Thread exited: 0x000000005aa13000
Event: 0.700 loading class sun/print/PrinterGraphicsConfig done
Event: 0.700 loading class sun/java2d/d3d/D3DVolatileSurfaceManager
Event: 0.700 loading class sun/java2d/d3d/D3DVolatileSurfaceManager done
Event: 0.704 Thread 0x000000005bc96800 Thread exited: 0x000000005bc96800


Dynamic libraries:
0x000000013f8b0000 - 0x000000013f8e4000 	C:\Program Files\Java\jdk1.8.0_20\bin\javaw.exe
0x0000000077150000 - 0x00000000772fa000 	C:\Windows\SYSTEM32\ntdll.dll
0x0000000076f30000 - 0x000000007704f000 	C:\Windows\system32\kernel32.dll
0x000007fefd0e0000 - 0x000007fefd14a000 	C:\Windows\system32\KERNELBASE.dll
0x000007fefd9f0000 - 0x000007fefdacb000 	C:\Windows\system32\ADVAPI32.dll
0x000007fefdad0000 - 0x000007fefdb6f000 	C:\Windows\system32\msvcrt.dll
0x000007fefd2f0000 - 0x000007fefd30f000 	C:\Windows\SYSTEM32\sechost.dll
0x000007feff250000 - 0x000007feff37d000 	C:\Windows\system32\RPCRT4.dll
0x0000000077050000 - 0x000000007714a000 	C:\Windows\system32\USER32.dll
0x000007fefd770000 - 0x000007fefd7d7000 	C:\Windows\system32\GDI32.dll
0x000007fefd2e0000 - 0x000007fefd2ee000 	C:\Windows\system32\LPK.dll
0x000007fefe030000 - 0x000007fefe0fa000 	C:\Windows\system32\USP10.dll
0x000007fefba20000 - 0x000007fefbc14000 	C:\Windows\WinSxS\amd64_microsoft.windows.common-controls_6595b64144ccf1df_6.0.7601.18837_none_fa3b1e3d17594757\COMCTL32.dll
0x000007fefd670000 - 0x000007fefd6e1000 	C:\Windows\system32\SHLWAPI.dll
0x000007fefd740000 - 0x000007fefd76e000 	C:\Windows\system32\IMM32.DLL
0x000007feff140000 - 0x000007feff249000 	C:\Windows\system32\MSCTF.dll
0x0000000057900000 - 0x00000000579d2000 	C:\Program Files\Java\jdk1.8.0_20\jre\bin\msvcr100.dll
0x00000000777a0000 - 0x0000000077ff8000 	C:\Program Files\Java\jdk1.8.0_20\jre\bin\server\jvm.dll
0x000007fef6180000 - 0x000007fef6189000 	C:\Windows\system32\WSOCK32.dll
0x000007fefd6f0000 - 0x000007fefd73d000 	C:\Windows\system32\WS2_32.dll
0x000007feff130000 - 0x000007feff138000 	C:\Windows\system32\NSI.dll
0x000007fef82a0000 - 0x000007fef82db000 	C:\Windows\system32\WINMM.dll
0x0000000077310000 - 0x0000000077317000 	C:\Windows\system32\PSAPI.DLL
0x0000000067a00000 - 0x0000000067a0f000 	C:\Program Files\Java\jdk1.8.0_20\jre\bin\verify.dll
0x000000005b5b0000 - 0x000000005b5d8000 	C:\Program Files\Java\jdk1.8.0_20\jre\bin\java.dll
0x0000000058650000 - 0x0000000058685000 	C:\Program Files\Java\jdk1.8.0_20\jre\bin\jdwp.dll
0x0000000072890000 - 0x0000000072898000 	C:\Program Files\Java\jdk1.8.0_20\jre\bin\npt.dll
0x000000005c630000 - 0x000000005c646000 	C:\Program Files\Java\jdk1.8.0_20\jre\bin\zip.dll
0x000007fefe3a0000 - 0x000007feff12a000 	C:\Windows\system32\SHELL32.dll
0x000007fefd7e0000 - 0x000007fefd9e3000 	C:\Windows\system32\ole32.dll
0x000007fefce80000 - 0x000007fefce8f000 	C:\Windows\system32\profapi.dll
0x000000005c620000 - 0x000000005c629000 	C:\Program Files\Java\jdk1.8.0_20\jre\bin\dt_socket.dll
0x000007fefaa70000 - 0x000007fefaa85000 	C:\Windows\system32\NLAapi.dll
0x000007fef6af0000 - 0x000007fef6b05000 	C:\Windows\system32\napinsp.dll
0x000007fef6ad0000 - 0x000007fef6ae9000 	C:\Windows\system32\pnrpnsp.dll
0x000007fefc620000 - 0x000007fefc675000 	C:\Windows\System32\mswsock.dll
0x000007fefc4a0000 - 0x000007fefc4fb000 	C:\Windows\system32\DNSAPI.dll
0x000007fef6ac0000 - 0x000007fef6acb000 	C:\Windows\System32\winrnr.dll
0x000007fef75f0000 - 0x000007fef761f000 	C:\Program Files\Common Files\Microsoft Shared\Windows Live\WLIDNSP.DLL
0x000007fefa8a0000 - 0x000007fefa8c7000 	C:\Windows\system32\IPHLPAPI.DLL
0x000007fefa880000 - 0x000007fefa88b000 	C:\Windows\system32\WINNSI.DLL
0x000007fefa720000 - 0x000007fefa773000 	C:\Windows\System32\fwpuclnt.dll
0x000007fef6f80000 - 0x000007fef6f88000 	C:\Windows\system32\rasadhlp.dll
0x000007fefbfe0000 - 0x000007fefbfe7000 	C:\Windows\System32\wshtcpip.dll
0x0000000058630000 - 0x000000005864a000 	C:\Program Files\Java\jdk1.8.0_20\jre\bin\net.dll
0x000007fefc610000 - 0x000007fefc617000 	C:\Windows\System32\wship6.dll
0x000000005aeb0000 - 0x000000005b048000 	C:\Program Files\Java\jdk1.8.0_20\jre\bin\awt.dll
0x000007feff380000 - 0x000007feff45a000 	C:\Windows\system32\OLEAUT32.dll
0x000007fefb4a0000 - 0x000007fefb4b8000 	C:\Windows\system32\DWMAPI.DLL
0x000007fefb9c0000 - 0x000007fefba16000 	C:\Windows\system32\uxtheme.dll
0x000007fefcd20000 - 0x000007fefcd2f000 	C:\Windows\system32\CRYPTBASE.dll
0x0000000001d20000 - 0x0000000001d67000 	C:\Program Files\Java\jdk1.8.0_20\jre\bin\fontmanager.dll
0x00000000585f0000 - 0x0000000058601000 	C:\Program Files\Java\jdk1.8.0_20\jre\bin\nio.dll
0x0000000002210000 - 0x0000000002251000 	C:\Program Files\Java\jdk1.8.0_20\jre\bin\t2k.dll
0x000007feeabd0000 - 0x000007feeacf5000 	C:\Windows\system32\dbghelp.dll

VM Arguments:
jvm_args: -agentlib:jdwp=transport=dt_socket,suspend=y,address=localhost:65117 -ea -Dfile.encoding=Cp1252 
java_command: org.eclipse.jdt.internal.junit.runner.RemoteTestRunner -version 3 -port 65116 -testLoaderClass org.eclipse.jdt.internal.junit4.runner.JUnit4TestLoader -loaderpluginname org.eclipse.jdt.junit4.runtime -test aula.Exercicios:exercicio30
java_class_path (initial): D:\worskspaces\workspace fer\aula-groovy\bin;C:\Users\fsilva\.p2\pool\plugins\org.codehaus.groovy_2.3.10.xx-201608111517-e46\lib\groovy-all-2.3.10.jar;C:\Users\fsilva\.p2\pool\plugins\org.codehaus.groovy_2.3.10.xx-201608111517-e46\lib\bsf-2.4.0.jar;C:\Users\fsilva\.p2\pool\plugins\org.codehaus.groovy_2.3.10.xx-201608111517-e46\lib\ivy-2.3.0-sources.jar;C:\Users\fsilva\.p2\pool\plugins\org.codehaus.groovy_2.3.10.xx-201608111517-e46\lib\ivy-2.3.0.jar;C:\Users\fsilva\.p2\pool\plugins\org.codehaus.groovy_2.3.10.xx-201608111517-e46\lib\servlet-api-2.4.jar;C:\Users\fsilva\.groovy\greclipse\global_dsld_support;C:\Users\fsilva\.p2\pool\plugins\org.codehaus.groovy_2.3.10.xx-201608111517-e46\plugin_dsld_support\;D:\worskspaces\workspace fer\aula-groovy\junit\hamcrest-core-1.3.jar;D:\worskspaces\workspace fer\aula-groovy\junit\junit-4.11.jar;D:\worskspaces\workspace fer\aula-groovy\junit\mysql-connector-java-5.1.7-bin.jar;/D:/Java/eclipse neon.1/eclipse/configuration/org.eclipse.osgi/390/0/.cp/;/D:/Java/eclipse neon.1/eclipse/configuration/org.eclipse.osgi/389/0/.cp/
Launcher Type: SUN_STANDARD

Environment Variables:
JAVA_HOME=C:\Program Files\Java\jdk1.8.0_20
PATH=C:\Program Files\Java\jdk1.8.0_20\jre\bin;C:/Program Files/Java/jre1.8.0_20/bin/server;C:/Program Files/Java/jre1.8.0_20/bin;C:/Program Files/Java/jre1.8.0_20/lib/amd64;C:\Program Files\Common Files\Microsoft Shared\Windows Live;C:\Program Files (x86)\Common Files\Microsoft Shared\Windows Live;C:\ProgramData\Oracle\Java\javapath;C:\Windows\system32;C:\Windows;C:\Windows\System32\Wbem;C:\Windows\System32\WindowsPowerShell\v1.0\;C:\Program Files\TortoiseSVN\bin;C:\Program Files\Microsoft SQL Server\Client SDK\ODBC\110\Tools\Binn\;C:\Program Files (x86)\Microsoft SQL Server\120\Tools\Binn\ManagementStudio\;C:\Program Files (x86)\Microsoft SQL Server\120\Tools\Binn\;C:\Program Files\Microsoft SQL Server\120\Tools\Binn\;C:\Program Files (x86)\Microsoft SQL Server\120\DTS\Binn\;C:\Program Files\Microsoft SQL Server\120\DTS\Binn\;C:\Program Files (x86)\Skype\Phone\;C:\Program Files (x86)\Windows Live\Shared;C:\Program Files\MongoDB\Server\3.2\bin;C:\Users\fsilva\Desktop;
USERNAME=fsilva
OS=Windows_NT
PROCESSOR_IDENTIFIER=Intel64 Family 6 Model 60 Stepping 3, GenuineIntel



---------------  S Y S T E M  ---------------

OS: Windows 7 , 64 bit Build 7601 Service Pack 1

CPU:total 4 (4 cores per cpu, 1 threads per core) family 6 model 60 stepping 3, cmov, cx8, fxsr, mmx, sse, sse2, sse3, ssse3, sse4.1, sse4.2, popcnt, avx, avx2, aes, clmul, erms, lzcnt, tsc, tscinvbit, bmi1, bmi2

Memory: 4k page, physical 8294592k(1410776k free), swap 16587324k(7672028k free)

vm_info: Java HotSpot(TM) 64-Bit Server VM (25.20-b23) for windows-amd64 JRE (1.8.0_20-b26), built on Jul 30 2014 13:51:23 by "java_re" with MS VC++ 10.0 (VS2010)

time: Fri Oct 28 15:37:54 2016
elapsed time: 0 seconds (0d 0h 0m 0s)

